<?xml version="1.0" encoding="UTF-8"?>
<!-- Generated by org.testng.reporters.JUnitXMLReporter -->
<testsuite ignored="0" hostname="ARS747791" failures="0" tests="2" name="Default test" time="0.12" errors="0" timestamp="2023-10-18T23:02:48 IST">
  <testcase classname="checkpack.VerifyFacbookLogin1" name="@BeforeTest launchBrowser" time="0.025">
    <failure type="java.lang.NullPointerException" message="Cannot invoke &amp;quot;String.equals(Object)&amp;quot; because &amp;quot;browserName&amp;quot; is null">
      <![CDATA[java.lang.NullPointerException: Cannot invoke "String.equals(Object)" because "browserName" is null
at checkpack.VerifyFacbookLogin1.launchBrowser(VerifyFacbookLogin1.java:39)
at java.base/jdk.internal.reflect.DirectMethodHandleAccessor.invoke(DirectMethodHandleAccessor.java:104)
at java.base/java.lang.reflect.Method.invoke(Method.java:578)
at org.testng.internal.invokers.MethodInvocationHelper.invokeMethod(MethodInvocationHelper.java:139)
at org.testng.internal.invokers.MethodInvocationHelper.invokeMethodConsideringTimeout(MethodInvocationHelper.java:69)
at org.testng.internal.invokers.ConfigInvoker.invokeConfigurationMethod(ConfigInvoker.java:390)
at org.testng.internal.invokers.ConfigInvoker.invokeConfigurations(ConfigInvoker.java:325)
at org.testng.TestRunner.invokeTestConfigurations(TestRunner.java:663)
at org.testng.TestRunner.beforeRun(TestRunner.java:652)
at org.testng.TestRunner.run(TestRunner.java:614)
at org.testng.SuiteRunner.runTest(SuiteRunner.java:443)
at org.testng.SuiteRunner.runSequentially(SuiteRunner.java:437)
at org.testng.SuiteRunner.privateRun(SuiteRunner.java:397)
at org.testng.SuiteRunner.run(SuiteRunner.java:336)
at org.testng.SuiteRunnerWorker.runSuite(SuiteRunnerWorker.java:52)
at org.testng.SuiteRunnerWorker.run(SuiteRunnerWorker.java:95)
at org.testng.TestNG.runSuitesSequentially(TestNG.java:1280)
at org.testng.TestNG.runSuitesLocally(TestNG.java:1200)
at org.testng.TestNG.runSuites(TestNG.java:1114)
at org.testng.TestNG.run(TestNG.java:1082)
at org.testng.remote.AbstractRemoteTestNG.run(AbstractRemoteTestNG.java:115)
at org.testng.remote.RemoteTestNG.initAndRun(RemoteTestNG.java:251)
at org.testng.remote.RemoteTestNG.main(RemoteTestNG.java:77)
]]>
    </failure>
  </testcase> <!-- @BeforeTest launchBrowser -->
  <testcase classname="checkpack.VerifyFacbookLogin1" name="@BeforeClass creatingPOMOject" time="0.0">
    <skipped/>
  </testcase> <!-- @BeforeClass creatingPOMOject -->
  <testcase classname="checkpack.VerifyFacbookLogin1" name="@BeforeMethod VerifyLoginbutton" time="0.0">
    <skipped/>
  </testcase> <!-- @BeforeMethod VerifyLoginbutton -->
  <testcase classname="checkpack.VerifyFacbookLogin1" name="@AfterMethod logoutFromApplication" time="0.0">
    <skipped/>
  </testcase> <!-- @AfterMethod logoutFromApplication -->
  <testcase classname="checkpack.VerifyFacbookLogin1" name="@BeforeMethod VerifyLoginbutton" time="0.0">
    <skipped/>
  </testcase> <!-- @BeforeMethod VerifyLoginbutton -->
  <testcase classname="checkpack.VerifyFacbookLogin1" name="@AfterMethod logoutFromApplication" time="0.0">
    <skipped/>
  </testcase> <!-- @AfterMethod logoutFromApplication -->
  <testcase classname="checkpack.VerifyFacbookLogin1" name="@AfterClass clearObject" time="0.0">
    <skipped/>
  </testcase> <!-- @AfterClass clearObject -->
  <testcase classname="checkpack.VerifyFacbookLogin1" name="@AfterTest closeBrowser" time="0.0">
    <skipped/>
  </testcase> <!-- @AfterTest closeBrowser -->
  <testcase classname="checkpack.VerifyFacbookLogin1" name="VerifyForgetButton" time="0.0">
    <skipped/>
  </testcase> <!-- VerifyForgetButton -->
  <testcase classname="checkpack.VerifyFacbookLogin1" name="openLoginPage" time="0.0">
    <skipped/>
  </testcase> <!-- openLoginPage -->
</testsuite> <!-- Default test -->
