<?xml version="1.0" encoding="UTF-8"?>
<testng-results ignored="0" total="4" passed="4" failed="0" skipped="0">
  <reporter-output>
  </reporter-output>
  <suite started-at="2023-10-18T23:04:39 IST" name="Suite11" finished-at="2023-10-18T23:06:24 IST" duration-ms="105520">
    <groups>
    </groups>
    <test started-at="2023-10-18T23:04:39 IST" name="Chrome tests" finished-at="2023-10-18T23:05:31 IST" duration-ms="52068">
      <class name="checkpack.VerifyFacbookLogin1">
        <test-method is-config="true" signature="launchBrowser(java.lang.String)[pri:0, instance:checkpack.VerifyFacbookLogin1@1fa121e2]" started-at="2023-10-18T23:04:39 IST" name="launchBrowser" finished-at="2023-10-18T23:04:46 IST" duration-ms="6877" status="PASS">
          <params>
            <param index="0">
              <value>
                <![CDATA[Chrome]]>
              </value>
            </param>
          </params>
          <reporter-output>
          </reporter-output>
        </test-method> <!-- launchBrowser -->
        <test-method is-config="true" signature="creatingPOMOject()[pri:0, instance:checkpack.VerifyFacbookLogin1@1fa121e2]" started-at="2023-10-18T23:04:46 IST" name="creatingPOMOject" finished-at="2023-10-18T23:04:46 IST" duration-ms="88" status="PASS">
          <reporter-output>
          </reporter-output>
        </test-method> <!-- creatingPOMOject -->
        <test-method is-config="true" signature="VerifyLoginbutton()[pri:0, instance:checkpack.VerifyFacbookLogin1@1fa121e2]" started-at="2023-10-18T23:04:46 IST" name="VerifyLoginbutton" finished-at="2023-10-18T23:05:01 IST" duration-ms="14931" status="PASS">
          <reporter-output>
          </reporter-output>
        </test-method> <!-- VerifyLoginbutton -->
        <test-method signature="VerifyForgetButton()[pri:0, instance:checkpack.VerifyFacbookLogin1@1fa121e2]" started-at="2023-10-18T23:05:01 IST" name="VerifyForgetButton" finished-at="2023-10-18T23:05:24 IST" duration-ms="23050" status="PASS">
          <reporter-output>
          </reporter-output>
        </test-method> <!-- VerifyForgetButton -->
        <test-method is-config="true" signature="logoutFromApplication(org.testng.ITestResult)[pri:0, instance:checkpack.VerifyFacbookLogin1@1fa121e2]" started-at="2023-10-18T23:05:24 IST" name="logoutFromApplication" finished-at="2023-10-18T23:05:24 IST" duration-ms="2" status="PASS">
          <params>
            <param index="0">
              <value>
                <![CDATA[[TestResult name=VerifyForgetButton status=SUCCESS method=VerifyFacbookLogin1.VerifyForgetButton()[pri:0, instance:checkpack.VerifyFacbookLogin1@1fa121e2] output={null}]]]>
              </value>
            </param>
          </params>
          <reporter-output>
          </reporter-output>
        </test-method> <!-- logoutFromApplication -->
        <test-method is-config="true" signature="VerifyLoginbutton()[pri:0, instance:checkpack.VerifyFacbookLogin1@1fa121e2]" started-at="2023-10-18T23:05:24 IST" name="VerifyLoginbutton" finished-at="2023-10-18T23:05:26 IST" duration-ms="1667" status="PASS">
          <reporter-output>
          </reporter-output>
        </test-method> <!-- VerifyLoginbutton -->
        <test-method signature="openLoginPage()[pri:0, instance:checkpack.VerifyFacbookLogin1@1fa121e2]" started-at="2023-10-18T23:05:26 IST" name="openLoginPage" finished-at="2023-10-18T23:05:30 IST" duration-ms="4515" status="PASS">
          <reporter-output>
          </reporter-output>
        </test-method> <!-- openLoginPage -->
        <test-method is-config="true" signature="logoutFromApplication(org.testng.ITestResult)[pri:0, instance:checkpack.VerifyFacbookLogin1@1fa121e2]" started-at="2023-10-18T23:05:30 IST" name="logoutFromApplication" finished-at="2023-10-18T23:05:30 IST" duration-ms="3" status="PASS">
          <params>
            <param index="0">
              <value>
                <![CDATA[[TestResult name=openLoginPage status=SUCCESS method=VerifyFacbookLogin1.openLoginPage()[pri:0, instance:checkpack.VerifyFacbookLogin1@1fa121e2] output={null}]]]>
              </value>
            </param>
          </params>
          <reporter-output>
          </reporter-output>
        </test-method> <!-- logoutFromApplication -->
        <test-method is-config="true" signature="clearObject()[pri:0, instance:checkpack.VerifyFacbookLogin1@1fa121e2]" started-at="2023-10-18T23:05:30 IST" name="clearObject" finished-at="2023-10-18T23:05:30 IST" duration-ms="3" status="PASS">
          <reporter-output>
          </reporter-output>
        </test-method> <!-- clearObject -->
        <test-method is-config="true" signature="closeBrowser()[pri:0, instance:checkpack.VerifyFacbookLogin1@1fa121e2]" started-at="2023-10-18T23:05:30 IST" name="closeBrowser" finished-at="2023-10-18T23:05:31 IST" duration-ms="797" status="PASS">
          <reporter-output>
          </reporter-output>
        </test-method> <!-- closeBrowser -->
      </class> <!-- checkpack.VerifyFacbookLogin1 -->
    </test> <!-- Chrome tests -->
    <test started-at="2023-10-18T23:05:31 IST" name="Edge tests" finished-at="2023-10-18T23:06:24 IST" duration-ms="53222">
      <class name="checkpack.VerifyFacbookLogin1">
        <test-method is-config="true" signature="launchBrowser(java.lang.String)[pri:0, instance:checkpack.VerifyFacbookLogin1@69453e37]" started-at="2023-10-18T23:05:31 IST" name="launchBrowser" finished-at="2023-10-18T23:05:34 IST" duration-ms="2861" status="PASS">
          <params>
            <param index="0">
              <value>
                <![CDATA[Edge]]>
              </value>
            </param>
          </params>
          <reporter-output>
          </reporter-output>
        </test-method> <!-- launchBrowser -->
        <test-method is-config="true" signature="creatingPOMOject()[pri:0, instance:checkpack.VerifyFacbookLogin1@69453e37]" started-at="2023-10-18T23:05:34 IST" name="creatingPOMOject" finished-at="2023-10-18T23:05:34 IST" duration-ms="2" status="PASS">
          <reporter-output>
          </reporter-output>
        </test-method> <!-- creatingPOMOject -->
        <test-method is-config="true" signature="VerifyLoginbutton()[pri:0, instance:checkpack.VerifyFacbookLogin1@69453e37]" started-at="2023-10-18T23:05:34 IST" name="VerifyLoginbutton" finished-at="2023-10-18T23:05:51 IST" duration-ms="16877" status="PASS">
          <reporter-output>
          </reporter-output>
        </test-method> <!-- VerifyLoginbutton -->
        <test-method signature="VerifyForgetButton()[pri:0, instance:checkpack.VerifyFacbookLogin1@69453e37]" started-at="2023-10-18T23:05:51 IST" name="VerifyForgetButton" finished-at="2023-10-18T23:06:17 IST" duration-ms="26309" status="PASS">
          <reporter-output>
          </reporter-output>
        </test-method> <!-- VerifyForgetButton -->
        <test-method is-config="true" signature="VerifyLoginbutton()[pri:0, instance:checkpack.VerifyFacbookLogin1@69453e37]" started-at="2023-10-18T23:06:17 IST" name="VerifyLoginbutton" finished-at="2023-10-18T23:06:19 IST" duration-ms="1656" status="PASS">
          <reporter-output>
          </reporter-output>
        </test-method> <!-- VerifyLoginbutton -->
        <test-method is-config="true" signature="logoutFromApplication(org.testng.ITestResult)[pri:0, instance:checkpack.VerifyFacbookLogin1@69453e37]" started-at="2023-10-18T23:06:17 IST" name="logoutFromApplication" finished-at="2023-10-18T23:06:17 IST" duration-ms="0" status="PASS">
          <params>
            <param index="0">
              <value>
                <![CDATA[[TestResult name=VerifyForgetButton status=SUCCESS method=VerifyFacbookLogin1.VerifyForgetButton()[pri:0, instance:checkpack.VerifyFacbookLogin1@69453e37] output={null}]]]>
              </value>
            </param>
          </params>
          <reporter-output>
          </reporter-output>
        </test-method> <!-- logoutFromApplication -->
        <test-method signature="openLoginPage()[pri:0, instance:checkpack.VerifyFacbookLogin1@69453e37]" started-at="2023-10-18T23:06:19 IST" name="openLoginPage" finished-at="2023-10-18T23:06:24 IST" duration-ms="4930" status="PASS">
          <reporter-output>
          </reporter-output>
        </test-method> <!-- openLoginPage -->
        <test-method is-config="true" signature="logoutFromApplication(org.testng.ITestResult)[pri:0, instance:checkpack.VerifyFacbookLogin1@69453e37]" started-at="2023-10-18T23:06:24 IST" name="logoutFromApplication" finished-at="2023-10-18T23:06:24 IST" duration-ms="2" status="PASS">
          <params>
            <param index="0">
              <value>
                <![CDATA[[TestResult name=openLoginPage status=SUCCESS method=VerifyFacbookLogin1.openLoginPage()[pri:0, instance:checkpack.VerifyFacbookLogin1@69453e37] output={null}]]]>
              </value>
            </param>
          </params>
          <reporter-output>
          </reporter-output>
        </test-method> <!-- logoutFromApplication -->
        <test-method is-config="true" signature="clearObject()[pri:0, instance:checkpack.VerifyFacbookLogin1@69453e37]" started-at="2023-10-18T23:06:24 IST" name="clearObject" finished-at="2023-10-18T23:06:24 IST" duration-ms="0" status="PASS">
          <reporter-output>
          </reporter-output>
        </test-method> <!-- clearObject -->
        <test-method is-config="true" signature="closeBrowser()[pri:0, instance:checkpack.VerifyFacbookLogin1@69453e37]" started-at="2023-10-18T23:06:24 IST" name="closeBrowser" finished-at="2023-10-18T23:06:24 IST" duration-ms="561" status="PASS">
          <reporter-output>
          </reporter-output>
        </test-method> <!-- closeBrowser -->
      </class> <!-- checkpack.VerifyFacbookLogin1 -->
    </test> <!-- Edge tests -->
  </suite> <!-- Suite11 -->
</testng-results>
