<?xml version="1.0" encoding="UTF-8"?>
<!-- Generated by org.testng.reporters.JUnitXMLReporter -->
<testsuite ignored="0" hostname="ARS747791" failures="0" tests="6" name="EdgeTest" time="0.107" errors="0" timestamp="2023-10-14T01:29:28 IST">
  <testcase classname="checkpack.VerifyFacbookLogin1" name="VerifyForgetButton" time="0.0">
    <skipped/>
  </testcase> <!-- VerifyForgetButton -->
  <testcase classname="checkpack.VerifyFacbookLogin1" name="openLoginPage" time="0.0">
    <skipped/>
  </testcase> <!-- openLoginPage -->
  <testcase classname="checkpack.Teng1" name="test1" time="0.0">
    <skipped/>
  </testcase> <!-- test1 -->
  <testcase classname="checkpack.Teng1" name="test2" time="0.001">
    <skipped/>
  </testcase> <!-- test2 -->
  <testcase classname="checkpack.Teng1" name="test3" time="0.0">
    <skipped/>
  </testcase> <!-- test3 -->
  <testcase classname="checkpack.Teng1" name="test4" time="0.0">
    <skipped/>
  </testcase> <!-- test4 -->
</testsuite> <!-- EdgeTest -->
