<?xml version="1.0" encoding="UTF-8"?>
<!-- Generated by org.testng.reporters.JUnitXMLReporter -->
<testsuite ignored="0" hostname="ARS747791" failures="0" tests="6" name="Test21" time="19.956" errors="0" timestamp="2023-10-13T00:26:23 IST">
  <testcase classname="checkpack.VerifyFacbookLogin1" name="VerifyForgetButton" time="4.884"/>
  <testcase classname="checkpack.VerifyFacbookLogin1" name="openLoginPage" time="4.1"/>
  <testcase classname="checkpack.Teng1" name="test1" time="0.002"/>
  <testcase classname="checkpack.Teng1" name="test2" time="0.003"/>
  <testcase classname="checkpack.Teng1" name="test3" time="0.002"/>
  <testcase classname="checkpack.Teng1" name="test4" time="0.003"/>
</testsuite> <!-- Test21 -->
